C51 COMPILER V9.54   DS18B20                                                               05/12/2018 17:59:15 PAGE 1   


C51 COMPILER V9.54, COMPILATION OF MODULE DS18B20
OBJECT MODULE PLACED IN .\Objects\DS18B20.obj
COMPILER INVOKED BY: D:\KEIL_STM32\C51\BIN\C51.EXE DS18B20.c LARGE OPTIMIZE(8,SPEED) BROWSE DEBUG OBJECTEXTEND PRINT(.\L
                    -istings\DS18B20.lst) TABS(2) OBJECT(.\Objects\DS18B20.obj)

line level    source

   1          /**************************************
   2          工作频率: 24.000MHz
   3          **************************************/
   4          #include "REG51.H"
   5          #include "INTRINS.H"
   6          #include "DS18B20.H"
   7          
   8          typedef enum   
   9          {  
  10              SEARCH_ROM          =   0xf0,   //搜索ROM指令  
  11              READ_ROM            =   0x33,   //读取ROM指令
  12              MATH_ROM            =   0x55,   //匹配ROM指令
  13              SKIP_ROM            =   0xcc,   //跳过ROM指令
  14              ALARM_SEARCH        =   0xec,   //报警搜索指令 
  15              CONVERT_T           =   0x44,   //温度转换指令
  16              WRITE_SCRATCHPAD    =   0x4e,   //写暂存器指令
  17              READ_SCRATCHPAD     =   0xbe,   //读取转存器指令
  18              COPY_SCRATCHPAD     =   0x48,   //拷贝暂存器指令  
  19              RECALL_E2           =   0xb8,   //召回EEPROM指令
  20              READ_POWER_SUPPLY   =   0xb4,   //读取电源模式指令  
  21          } DS18B20_CMD; 
  22          
  23          unsigned char xdata seril[8];
  24          extern unsigned char xdata Temp_data[32];
  25          //*********************************************************************
  26          //void read_seril()
  27          //{ 
  28          //    unsigned char i;
  29          //    DS18B20_Reset();
  30          //    DS18B20_WriteByte(0x33);        
  31          //    for(i=0;i<8;i++)
  32          //  {
  33          //    seril[i] = DS18B20_ReadByte();
  34          //    Temp_data[i] = seril[i];
  35          //  }
  36          //}
  37          
  38          //*************************延时X微秒(*2)********************************
  39          void DelayXus(unsigned char n)
  40          {
  41   1          while (n--)
  42   1          {
  43   2              _nop_();
  44   2              _nop_();
  45   2          }
  46   1      }
  47          
  48          //*************************复位DS18B20，返回0则设备存在*******************
  49          bit DS18B20_Reset()
  50          {
  51   1          bit result;
  52   1          DQ = 0;                       //送出低电平复位信号
  53   1          DelayXus(240);                //延时至少480us
  54   1          DelayXus(240);
C51 COMPILER V9.54   DS18B20                                                               05/12/2018 17:59:15 PAGE 2   

  55   1          DelayXus(240);
  56   1          DelayXus(240);
  57   1          DQ = 1;                       //释放数据线
  58   1          DelayXus(120);                //等待60us
  59   1          result = DQ;                  //检测存在脉冲
  60   1          DelayXus(240);                //等待设备释放数据线
  61   1          DelayXus(240);
  62   1          DelayXus(180);
  63   1          DelayXus(180);
  64   1          return result;
  65   1      }
  66          //*************************************************************************
  67          bit DS18B20_Readbit()
  68          {
  69   1          bit res;
  70   1          DQ = 0;                       //开始时间片
  71   1          DelayXus(3);                  //延时等待
  72   1          DQ = 1;                       //准备接收
  73   1          DelayXus(3);                  //接收延时
  74   1          res=DQ;                       //读取数据
  75   1          DelayXus(120);                //等待时间片结束
  76   1          return res;
  77   1      }
  78          //*************************从DS18B20读1字节数据*****************************
  79          unsigned char DS18B20_ReadByte()
  80          {
  81   1          unsigned char i;
  82   1          unsigned char dat = 0;
  83   1      
  84   1          for (i=0; i<8; i++)
  85   1          {
  86   2              dat >>= 1;
  87   2              if (DS18B20_Readbit()) dat |= 0x80; //读取数据
  88   2          }
  89   1      
  90   1          return dat;
  91   1      }
  92          
  93          //*************************向DS18B20写1字节数据*****************************
  94          void DS18B20_WriteByte(unsigned char dat)
  95          {
  96   1          char i;
  97   1      
  98   1          for (i=0; i<8; i++)               //8位计数器
  99   1          {
 100   2              DQ = 0;                       //开始时间片
 101   2              DelayXus(3);                  //延时等待
 102   2              dat >>= 1;                    //送出数据
 103   2              DQ = CY;
 104   2              DelayXus(120);                //等待时间片结束
 105   2              DQ = 1;                       //恢复数据线
 106   2              DelayXus(3);                  //恢复延时
 107   2          }
 108   1      }
 109          //*************************读取指定ID的DS18B20的温度值************************
 110          unsigned int DS18B20_ReadDesignateTemper(unsigned char rom[8])  
 111          {  
 112   1          unsigned char th, tl;  
 113   1          unsigned int mdata;  
 114   1      //    read_seril();                       //读取总线上每个DS18B20的序列号，测试时使用
 115   1          DS18B20_Reset(); 
 116   1          DS18B20_WriteByte(SKIP_ROM);        //跳过ROM指令
C51 COMPILER V9.54   DS18B20                                                               05/12/2018 17:59:15 PAGE 3   

 117   1          DS18B20_WriteByte(CONVERT_T);       //启动温度转换 指令
 118   1          DS18B20_Reset();  
 119   1          DS18B20_WriteByte(MATH_ROM);        //匹配ROM指令
 120   1          for(mdata = 0;mdata < 8;mdata ++)   //发送8个字节的序列号   
 121   1          {  
 122   2             DS18B20_WriteByte(rom[mdata]);  
 123   2          }  
 124   1          DelayXus(20);;  
 125   1          DS18B20_WriteByte(READ_SCRATCHPAD); //读取温度指令 
 126   1          tl = DS18B20_ReadByte();            //低8位数据
 127   1          th = DS18B20_ReadByte();            //高8位数据
 128   1          mdata = (th<<8) | tl;   
 129   1          
 130   1          return mdata;                       //返回值;  
 131   1      }


MODULE INFORMATION:   STATIC OVERLAYABLE
   CODE SIZE        =    260    ----
   CONSTANT SIZE    =   ----    ----
   XDATA SIZE       =      8       5
   PDATA SIZE       =   ----    ----
   DATA SIZE        =   ----    ----
   IDATA SIZE       =   ----    ----
   BIT SIZE         =   ----       2
END OF MODULE INFORMATION.


C51 COMPILATION COMPLETE.  0 WARNING(S),  0 ERROR(S)
