C51 COMPILER V9.54   UART                                                                  04/11/2018 23:12:57 PAGE 1   


C51 COMPILER V9.54, COMPILATION OF MODULE UART
OBJECT MODULE PLACED IN .\Objects\UART.obj
COMPILER INVOKED BY: D:\KEIL_STM32\C51\BIN\C51.EXE UART.c OPTIMIZE(8,SPEED) BROWSE DEBUG OBJECTEXTEND PRINT(.\Listings\U
                    -ART.lst) TABS(2) OBJECT(.\Objects\UART.obj)

line level    source

   1          #include "reg51.h"
   2          #include "intrins.h"
   3          #include "UART.h"
   4          //***********************************************************
   5          bit busy;
   6          char wptr;
   7          char rptr;
   8          char buffer[16];
   9          //------------------------------------------------------------
  10          //void UartIsr() interrupt 4
  11          //{
  12          //    if (TI)
  13          //    {
  14          //        TI = 0;
  15          //        busy = 0;
  16          //    }
  17          //    if (RI)
  18          //    {
  19          //        RI = 0;
  20          //        buffer[wptr++] = SBUF;
  21          //        wptr &= 0x0f;
  22          //    }
  23          //}
  24          //------------------------------------------------------------
  25          void UartInit()
  26          {
  27   1          SCON = 0x50;
  28   1          T2L = BRT;
  29   1          T2H = BRT >> 8;
  30   1          AUXR = 0x15;
  31   1          wptr = 0x00;
  32   1          rptr = 0x00;
  33   1          busy = 0;
  34   1      }
  35          //------------------------------------------------------------
  36          void UartSend(char dat)
  37          {
  38   1          while (busy);
  39   1          busy = 1;
  40   1          SBUF = dat;
  41   1      }


MODULE INFORMATION:   STATIC OVERLAYABLE
   CODE SIZE        =     28    ----
   CONSTANT SIZE    =   ----    ----
   XDATA SIZE       =   ----    ----
   PDATA SIZE       =   ----    ----
   DATA SIZE        =     18    ----
   IDATA SIZE       =   ----    ----
   BIT SIZE         =      1    ----
END OF MODULE INFORMATION.


C51 COMPILATION COMPLETE.  0 WARNING(S),  0 ERROR(S)
